[debug] [2021-11-23T06:59:42.244Z] ----------------------------------------------------------------------
[debug] [2021-11-23T06:59:42.246Z] Command:       C:\Program Files\nodejs\node.exe C:\Users\karti\AppData\Roaming\npm\node_modules\firebase-tools\lib\bin\firebase.js deploy -m Fourth- fixed minor bugs
[debug] [2021-11-23T06:59:42.246Z] CLI Version:   9.22.0
[debug] [2021-11-23T06:59:42.246Z] Platform:      win32
[debug] [2021-11-23T06:59:42.246Z] Node Version:  v14.16.1
[debug] [2021-11-23T06:59:42.247Z] Time:          Tue Nov 23 2021 12:29:42 GMT+0530 (India Standard Time)
[debug] [2021-11-23T06:59:42.247Z] ----------------------------------------------------------------------
[debug] 
[debug] [2021-11-23T06:59:42.250Z] >>> [apiv2][query] GET https://firebase-public.firebaseio.com/cli.json [none]
[debug] [2021-11-23T06:59:42.327Z] > command requires scopes: ["email","openid","https://www.googleapis.com/auth/cloudplatformprojects.readonly","https://www.googleapis.com/auth/firebase","https://www.googleapis.com/auth/cloud-platform"]
[debug] [2021-11-23T06:59:42.327Z] > authorizing via signed-in user (kartikeytyagi013@gmail.com)
[debug] [2021-11-23T06:59:42.327Z] [iam] checking project image-gallery-reactjs for permissions ["firebase.projects.get","firebasehosting.sites.update"]
[debug] [2021-11-23T06:59:42.329Z] > refreshing access token with scopes: ["email","https://www.googleapis.com/auth/cloud-platform","https://www.googleapis.com/auth/cloudplatformprojects.readonly","https://www.googleapis.com/auth/firebase","openid"]
[debug] [2021-11-23T06:59:42.329Z] >>> HTTP REQUEST POST https://www.googleapis.com/oauth2/v3/token  
 <request body omitted>
[debug] [2021-11-23T06:59:54.125Z] [iam] error while checking permissions, command may fail: FirebaseError: Authentication Error: Your credentials are no longer valid. Please run firebase login --reauth

For CI servers and headless environments, generate a new token with firebase login:ci
[debug] [2021-11-23T06:59:54.125Z] > refreshing access token with scopes: []
[debug] [2021-11-23T06:59:54.125Z] >>> HTTP REQUEST POST https://www.googleapis.com/oauth2/v3/token  
 <request body omitted>
[debug] [2021-11-23T07:00:18.959Z] Authentication Error: Your credentials are no longer valid. Please run firebase login --reauth

For CI servers and headless environments, generate a new token with firebase login:ci
